actionid: tox
msg: packaging
cmdargs: ['/usr/bin/python3', local('/mnt/code/recursive_decorator/setup.py'), 'sdist', '--formats=zip', '--dist-dir', local('/mnt/code/recursive_decorator/.tox/dist')]
env: None

running sdist
running egg_info
writing requirements to recursive_decorator.egg-info/requires.txt
writing dependency_links to recursive_decorator.egg-info/dependency_links.txt
writing recursive_decorator.egg-info/PKG-INFO
writing top-level names to recursive_decorator.egg-info/top_level.txt
reading manifest file 'recursive_decorator.egg-info/SOURCES.txt'
writing manifest file 'recursive_decorator.egg-info/SOURCES.txt'
/usr/lib/python3.5/distutils/dist.py:261: UserWarning: Unknown distribution option: 'email'
  warnings.warn(msg)
warning: sdist: standard file not found: should have one of README, README.rst, README.txt, README.md

running check
warning: check: missing meta-data: if 'author' supplied, 'author_email' must be supplied too

creating recursive_decorator-1.0.0
creating recursive_decorator-1.0.0/recursive_decorator
creating recursive_decorator-1.0.0/recursive_decorator.egg-info
copying files to recursive_decorator-1.0.0...
copying setup.py -> recursive_decorator-1.0.0
copying recursive_decorator/__init__.py -> recursive_decorator-1.0.0/recursive_decorator
copying recursive_decorator/decorator_adapter.py -> recursive_decorator-1.0.0/recursive_decorator
copying recursive_decorator/recursive_decorator.py -> recursive_decorator-1.0.0/recursive_decorator
copying recursive_decorator/transformer.py -> recursive_decorator-1.0.0/recursive_decorator
copying recursive_decorator.egg-info/PKG-INFO -> recursive_decorator-1.0.0/recursive_decorator.egg-info
copying recursive_decorator.egg-info/SOURCES.txt -> recursive_decorator-1.0.0/recursive_decorator.egg-info
copying recursive_decorator.egg-info/dependency_links.txt -> recursive_decorator-1.0.0/recursive_decorator.egg-info
copying recursive_decorator.egg-info/not-zip-safe -> recursive_decorator-1.0.0/recursive_decorator.egg-info
copying recursive_decorator.egg-info/requires.txt -> recursive_decorator-1.0.0/recursive_decorator.egg-info
copying recursive_decorator.egg-info/top_level.txt -> recursive_decorator-1.0.0/recursive_decorator.egg-info
Writing recursive_decorator-1.0.0/setup.cfg
creating '.tox/dist/recursive_decorator-1.0.0.zip' and adding 'recursive_decorator-1.0.0' to it
adding 'recursive_decorator-1.0.0/setup.py'
adding 'recursive_decorator-1.0.0/PKG-INFO'
adding 'recursive_decorator-1.0.0/setup.cfg'
adding 'recursive_decorator-1.0.0/recursive_decorator/transformer.py'
adding 'recursive_decorator-1.0.0/recursive_decorator/recursive_decorator.py'
adding 'recursive_decorator-1.0.0/recursive_decorator/__init__.py'
adding 'recursive_decorator-1.0.0/recursive_decorator/decorator_adapter.py'
adding 'recursive_decorator-1.0.0/recursive_decorator.egg-info/PKG-INFO'
adding 'recursive_decorator-1.0.0/recursive_decorator.egg-info/requires.txt'
adding 'recursive_decorator-1.0.0/recursive_decorator.egg-info/not-zip-safe'
adding 'recursive_decorator-1.0.0/recursive_decorator.egg-info/top_level.txt'
adding 'recursive_decorator-1.0.0/recursive_decorator.egg-info/SOURCES.txt'
adding 'recursive_decorator-1.0.0/recursive_decorator.egg-info/dependency_links.txt'
removing 'recursive_decorator-1.0.0' (and everything under it)
